<?xml version="1.0" encoding="UTF-8"?>
<!-- Generated by org.testng.reporters.JUnitReportReporter -->
<testsuite hostname="ASUS" failures="0" tests="3" name="testng.jansya" time="1.638" errors="0" timestamp="2024-09-19T13:05:59 IST" skipped="0">
  <testcase classname="testng.jansya" name="titleverification" time="0.037"/>
  <system-out/>
  <testcase classname="testng.jansya" name="srnsht" time="1.067"/>
  <system-out/>
  <testcase classname="testng.jansya" name="nooflinks" time="0.534"/>
  <system-out/>
</testsuite> <!-- testng.jansya -->
