<?xml version="1.0" encoding="UTF-8"?>
<!-- Generated by org.testng.reporters.JUnitReportReporter -->
<testsuite hostname="ASUS" failures="0" tests="1" name="testng.xlrun" time="18.748" errors="0" timestamp="2024-09-11T12:42:48 IST" skipped="0">
  <testcase classname="testng.xlrun" name="xlimport" time="18.748"/>
  <system-out/>
</testsuite> <!-- testng.xlrun -->
