<?xml version="1.0" encoding="UTF-8"?>
<!-- Generated by org.testng.reporters.JUnitReportReporter -->
<testsuite hostname="ASUS" failures="0" tests="1" name="testng.assertion" time="0.022" errors="0" timestamp="2024-09-20T12:35:20 IST" skipped="0">
  <testcase classname="testng.assertion" name="tverify" time="0.022"/>
  <system-out/>
</testsuite> <!-- testng.assertion -->
