<?xml version="1.0" encoding="UTF-8"?>
<!-- Generated by org.testng.reporters.JUnitReportReporter -->
<testsuite hostname="ASUS" failures="0" tests="1" name="testpakage.createpagetest" time="2.519" errors="0" timestamp="2024-09-26T11:41:18 IST" skipped="0">
  <testcase classname="testpakage.createpagetest" name="test1" time="2.519"/>
  <system-out/>
</testsuite> <!-- testpakage.createpagetest -->
