<?xml version="1.0" encoding="UTF-8"?>
<!-- Generated by org.testng.reporters.JUnitReportReporter -->
<testsuite hostname="ASUS" failures="0" tests="1" name="testng.parameter" time="0.022" errors="0" timestamp="2024-09-06T11:50:33 IST" skipped="0">
  <testcase classname="testng.parameter" name="test1" time="0.022"/>
  <system-out/>
</testsuite> <!-- testng.parameter -->
