<?xml version="1.0" encoding="UTF-8"?>
<!-- Generated by org.testng.reporters.JUnitReportReporter -->
<testsuite hostname="ASUS" failures="0" tests="1" name="testng.fileuploadsendkeys" time="0.348" errors="0" timestamp="2024-09-18T11:44:44 IST" skipped="0">
  <testcase classname="testng.fileuploadsendkeys" name="test" time="0.348"/>
  <system-out/>
</testsuite> <!-- testng.fileuploadsendkeys -->
