<?xml version="1.0" encoding="UTF-8"?>
<!-- Generated by org.testng.reporters.JUnitReportReporter -->
<testsuite hostname="ASUS" failures="0" tests="2" name="testng.dragdrop" time="1.303" errors="0" timestamp="2024-09-10T12:48:33 IST" skipped="0">
  <testcase classname="testng.dragdrop" name="dd" time="1.260"/>
  <system-out/>
  <testcase classname="testng.dragdrop" name="perfect" time="0.043"/>
  <system-out/>
</testsuite> <!-- testng.dragdrop -->
