<?xml version="1.0" encoding="UTF-8"?>
<!-- Generated by org.testng.reporters.JUnitReportReporter -->
<testsuite hostname="ASUS" failures="0" tests="2" name="testng.webcross" time="4.490" errors="0" timestamp="2024-09-10T11:44:41 IST" skipped="0">
  <testcase classname="testng.webcross" name="test" time="2.640"/>
  <system-out/>
  <testcase classname="testng.webcross" name="test" time="1.850"/>
  <system-out/>
</testsuite> <!-- testng.webcross -->
