<?xml version="1.0" encoding="UTF-8"?>
<!-- Generated by org.testng.reporters.JUnitReportReporter -->
<testsuite hostname="ASUS" failures="0" tests="3" name="testng.tng1" time="0.017" errors="0" timestamp="2024-09-05T12:45:37 IST" skipped="1">
  <testcase classname="testng.tng1" name="test4" time="0.015"/>
  <system-out/>
  <testcase classname="testng.tng1" name="test1" time="0.002"/>
  <system-out/>
  <testcase classname="testng.tng1" name="test3">
    <skipped/>
  </testcase> <!-- test3 -->
  <system-out/>
</testsuite> <!-- testng.tng1 -->
