<?xml version="1.0" encoding="UTF-8"?>
<!-- Generated by org.testng.reporters.JUnitReportReporter -->
<testsuite hostname="ASUS" failures="0" tests="1" name="testng.datepcker" time="1.222" errors="0" timestamp="2024-09-20T12:02:34 IST" skipped="0">
  <testcase classname="testng.datepcker" name="datepik" time="1.222"/>
  <system-out/>
</testsuite> <!-- testng.datepcker -->
