<?xml version="1.0" encoding="UTF-8"?>
<!-- Generated by org.testng.reporters.JUnitReportReporter -->
<testsuite hostname="ASUS" failures="0" tests="1" name="testpakage.fblogintest" time="0.406" errors="0" timestamp="2024-09-25T12:03:04 IST" skipped="0">
  <testcase classname="testpakage.fblogintest" name="test1" time="0.406"/>
  <system-out/>
</testsuite> <!-- testpakage.fblogintest -->
