<?xml version="1.0" encoding="UTF-8"?>
<!-- Generated by org.testng.reporters.JUnitReportReporter -->
<testsuite hostname="ASUS" failures="0" tests="1" name="testng.facebooklogin" time="0.512" errors="0" timestamp="2024-09-06T12:24:15 IST" skipped="0">
  <testcase classname="testng.facebooklogin" name="loginString" time="0.512"/>
  <system-out/>
</testsuite> <!-- testng.facebooklogin -->
