<?xml version="1.0" encoding="UTF-8"?>
<!-- Generated by org.testng.reporters.JUnitReportReporter -->
<testsuite hostname="ASUS" failures="0" tests="1" name="testng.robotfileupload" time="4.294" errors="0" timestamp="2024-09-18T12:40:09 IST" skipped="0">
  <testcase classname="testng.robotfileupload" name="upload" time="4.294"/>
  <system-out/>
</testsuite> <!-- testng.robotfileupload -->
