<?xml version="1.0" encoding="UTF-8"?>
<!-- Generated by org.testng.reporters.JUnitReportReporter -->
<testsuite hostname="ASUS" failures="0" tests="1" name="testng.fblin" time="6.189" errors="0" timestamp="2024-09-11T11:36:56 IST" skipped="0">
  <testcase classname="testng.fblin" name="input" time="6.189"/>
  <system-out/>
</testsuite> <!-- testng.fblin -->
