<?xml version="1.0" encoding="UTF-8"?>
<!-- Generated by org.testng.reporters.JUnitReportReporter -->
<testsuite hostname="ASUS" failures="0" tests="3" name="testng.reddiff" time="7.406" errors="0" timestamp="2024-09-06T19:56:57 IST" skipped="0">
  <testcase classname="testng.reddiff" name="button" time="4.584"/>
  <system-out/>
  <testcase classname="testng.reddiff" name="logodisplay" time="1.452"/>
  <system-out/>
  <testcase classname="testng.reddiff" name="radiobutton" time="1.370"/>
  <system-out/>
</testsuite> <!-- testng.reddiff -->
